* using log directory 'D:/Documents and Settings/Utente/Documenti/GitHub/RDBqc/RDBqc.Rcheck'
* using R version 4.1.2 (2021-11-01)
* using platform: x86_64-w64-mingw32 (64-bit)
* using session charset: ISO8859-1
* using options '--no-manual --as-cran'
* checking for file 'RDBqc/DESCRIPTION' ... OK
* this is package 'RDBqc' version '0.0.3'
* package encoding: UTF-8
* checking package namespace information ... OK
* checking package dependencies ... OK
* checking if this is a source package ... OK
* checking if there is a namespace ... OK
* checking for executable files ... OK
* checking for hidden files and directories ... OK
* checking for portable file names ... OK
* checking whether package 'RDBqc' can be installed ... OK
* checking installed package size ... OK
* checking package directory ... OK
* checking for future file timestamps ... OK
* checking DESCRIPTION meta-information ... WARNING
Dependence on R version '4.1.2' not with patchlevel 0
* checking top-level files ... OK
* checking for left-over files ... OK
* checking index information ... OK
* checking package subdirectories ... OK
* checking R files for non-ASCII characters ... OK
* checking R files for syntax errors ... OK
* checking whether the package can be loaded ... OK
* checking whether the package can be loaded with stated dependencies ... OK
* checking whether the package can be unloaded cleanly ... OK
* checking whether the namespace can be loaded with stated dependencies ... OK
* checking whether the namespace can be unloaded cleanly ... OK
* checking loading without being on the library search path ... OK
* checking dependencies in R code ... OK
* checking S3 generic/method consistency ... OK
* checking replacement functions ... OK
* checking foreign function calls ... OK
* checking R code for possible problems ... OK
* checking Rd files ... OK
* checking Rd metadata ... OK
* checking Rd line widths ... OK
* checking Rd cross-references ... OK
* checking for missing documentation entries ... OK
* checking for code/documentation mismatches ... OK
* checking Rd \usage sections ... OK
* checking Rd contents ... OK
* checking for unstated dependencies in examples ... OK
* checking contents of 'data' directory ... OK
* checking data for non-ASCII characters ... OK
* checking LazyData ... OK
* checking data for ASCII and uncompressed saves ... OK
* checking examples ... ERROR
Running examples in 'RDBqc-Ex.R' failed
The error most likely occurred in:

> base::assign(".ptime", proc.time(), pos = "CheckExEnv")
> ### Name: check_lw
> ### Title: Consistency of length-weight relationship and consistency with
> ###   allowed ranges
> ### Aliases: check_lw
> 
> ### ** Examples
> 
> check_lw(data_ex,species="Aristaeomorpha foliacea",Min=0,Max=1000)
Error in `combine_vars()`:
! Faceting variables must have at least one value
Backtrace:
     x
  1. \-RDBqc::check_lw(...)
  2.   +-base::print(p)
  3.   \-ggplot2:::print.ggplot(p)
  4.     +-ggplot2::ggplot_build(x)
  5.     \-ggplot2:::ggplot_build.ggplot(x)
  6.       \-layout$setup(data, plot$data, plot$plot_env)
  7.         \-ggplot2 f(..., self = self)
  8.           \-self$facet$compute_layout(data, self$facet_params)
  9.             \-ggplot2 f(...)
 10.               \-ggplot2::combine_vars(data, params$plot_env, rows, drop = params$drop)
 11.                 \-rlang::abort("Faceting variables must have at least one value")
Execution halted
* checking for non-standard things in the check directory ... OK
* checking for detritus in the temp directory ... OK
* DONE
Status: 1 ERROR, 1 WARNING
