* installing *source* package 'RDBqc' ...
** using staged installation
** R
** data
*** moving datasets to lazyload DB
Avvertimento: l'oggetto'fdi_g_effort' viene creato da più di una chiamata dati
** inst
** byte-compile and prepare package for lazy loading
** help
*** installing help indices
** building package indices
** installing vignettes
** testing if installed package can be loaded from temporary location
*** arch - i386
*** arch - x64
** testing if installed package can be loaded from final location
*** arch - i386
*** arch - x64
** testing if installed package keeps a record of temporary installation path
* DONE (RDBqc)
